<?xml version="1.0" encoding="UTF-8"?>
<!-- Generated by org.testng.reporters.JUnitReportReporter -->
<testsuite hostname="DESKTOP-47P2MTB" failures="0" tests="1" name="test.SwagLabsInventoryTest" time="13.998" errors="0" timestamp="2022-11-14T10:27:14 IST" skipped="0">
  <testcase classname="test.SwagLabsInventoryTest" name="addToCart" time="13.998"/>
  <system-out/>
</testsuite> <!-- test.SwagLabsInventoryTest -->
